<?xml version="1.0" encoding="UTF-8"?>
<testng-results skipped="0" failed="1" ignored="0" total="8" passed="7">
  <reporter-output>
    <line>
      <![CDATA[window Maximized]]>
    </line>
    <line>
      <![CDATA[application opened]]>
    </line>
    <line>
      <![CDATA[successfully clicked]]>
    </line>
    <line>
      <![CDATA[window Maximized]]>
    </line>
    <line>
      <![CDATA[application opened]]>
    </line>
    <line>
      <![CDATA[window Maximized]]>
    </line>
    <line>
      <![CDATA[application opened]]>
    </line>
    <line>
      <![CDATA[succesfully selected]]>
    </line>
    <line>
      <![CDATA[window Maximized]]>
    </line>
    <line>
      <![CDATA[application opened]]>
    </line>
    <line>
      <![CDATA[clicked]]>
    </line>
    <line>
      <![CDATA[window Maximized]]>
    </line>
    <line>
      <![CDATA[application opened]]>
    </line>
    <line>
      <![CDATA[clicked]]>
    </line>
    <line>
      <![CDATA[window Maximized]]>
    </line>
    <line>
      <![CDATA[application opened]]>
    </line>
    <line>
      <![CDATA[clicked]]>
    </line>
    <line>
      <![CDATA[window Maximized]]>
    </line>
    <line>
      <![CDATA[application opened]]>
    </line>
    <line>
      <![CDATA[clicked]]>
    </line>
    <line>
      <![CDATA[window Maximized]]>
    </line>
    <line>
      <![CDATA[application opened]]>
    </line>
    <line>
      <![CDATA[clicked]]>
    </line>
  </reporter-output>
  <suite name="Suite" duration-ms="292472" started-at="2023-01-22T12:13:00 IST" finished-at="2023-01-22T12:17:53 IST">
    <groups>
    </groups>
    <test name="Test" duration-ms="292472" started-at="2023-01-22T12:13:00 IST" finished-at="2023-01-22T12:17:53 IST">
      <class name="testCases.Testcase_007">
        <test-method status="PASS" signature="BrowserLaunch()[pri:0, instance:testCases.Testcase_007@35d176f7]" name="BrowserLaunch" is-config="true" duration-ms="17254" started-at="2023-01-22T12:17:13 IST" finished-at="2023-01-22T12:17:30 IST">
          <reporter-output>
            <line>
              <![CDATA[window Maximized]]>
            </line>
            <line>
              <![CDATA[application opened]]>
            </line>
          </reporter-output>
        </test-method> <!-- BrowserLaunch -->
        <test-method status="PASS" signature="clickonCompare()[pri:0, instance:testCases.Testcase_007@35d176f7]" name="clickonCompare" duration-ms="3" started-at="2023-01-22T12:17:30 IST" finished-at="2023-01-22T12:17:30 IST">
          <reporter-output>
            <line>
              <![CDATA[clicked]]>
            </line>
          </reporter-output>
        </test-method> <!-- clickonCompare -->
        <test-method status="PASS" signature="quitbrowser()[pri:0, instance:testCases.Testcase_007@35d176f7]" name="quitbrowser" is-config="true" duration-ms="2625" started-at="2023-01-22T12:17:30 IST" finished-at="2023-01-22T12:17:33 IST">
          <reporter-output>
          </reporter-output>
        </test-method> <!-- quitbrowser -->
      </class> <!-- testCases.Testcase_007 -->
      <class name="testCases.TestCase_005">
        <test-method status="PASS" signature="BrowserLaunch()[pri:0, instance:testCases.TestCase_005@1f36e637]" name="BrowserLaunch" is-config="true" duration-ms="16880" started-at="2023-01-22T12:14:47 IST" finished-at="2023-01-22T12:15:04 IST">
          <reporter-output>
            <line>
              <![CDATA[window Maximized]]>
            </line>
            <line>
              <![CDATA[application opened]]>
            </line>
          </reporter-output>
        </test-method> <!-- BrowserLaunch -->
        <test-method status="PASS" signature="ToSelectpriceButton()[pri:0, instance:testCases.TestCase_005@1f36e637]" name="ToSelectpriceButton" duration-ms="1557" started-at="2023-01-22T12:15:04 IST" finished-at="2023-01-22T12:15:05 IST">
          <reporter-output>
            <line>
              <![CDATA[clicked]]>
            </line>
          </reporter-output>
        </test-method> <!-- ToSelectpriceButton -->
        <test-method status="PASS" signature="quitbrowser()[pri:0, instance:testCases.TestCase_005@1f36e637]" name="quitbrowser" is-config="true" duration-ms="3411" started-at="2023-01-22T12:15:05 IST" finished-at="2023-01-22T12:15:09 IST">
          <reporter-output>
          </reporter-output>
        </test-method> <!-- quitbrowser -->
      </class> <!-- testCases.TestCase_005 -->
      <class name="testCases.TestCase_004">
        <test-method status="PASS" signature="BrowserLaunch()[pri:0, instance:testCases.TestCase_004@578486a3]" name="BrowserLaunch" is-config="true" duration-ms="64461" started-at="2023-01-22T12:15:09 IST" finished-at="2023-01-22T12:16:13 IST">
          <reporter-output>
            <line>
              <![CDATA[window Maximized]]>
            </line>
            <line>
              <![CDATA[application opened]]>
            </line>
          </reporter-output>
        </test-method> <!-- BrowserLaunch -->
        <test-method status="PASS" signature="getCookandenjoyElmnt()[pri:0, instance:testCases.TestCase_004@578486a3]" name="getCookandenjoyElmnt" duration-ms="2094" started-at="2023-01-22T12:16:13 IST" finished-at="2023-01-22T12:16:15 IST">
          <reporter-output>
            <line>
              <![CDATA[clicked]]>
            </line>
          </reporter-output>
        </test-method> <!-- getCookandenjoyElmnt -->
        <test-method status="PASS" signature="quitbrowser()[pri:0, instance:testCases.TestCase_004@578486a3]" name="quitbrowser" is-config="true" duration-ms="14744" started-at="2023-01-22T12:16:15 IST" finished-at="2023-01-22T12:16:30 IST">
          <reporter-output>
          </reporter-output>
        </test-method> <!-- quitbrowser -->
      </class> <!-- testCases.TestCase_004 -->
      <class name="testCases.Testcase_003">
        <test-method status="PASS" signature="BrowserLaunch()[pri:0, instance:testCases.Testcase_003@627551fb]" name="BrowserLaunch" is-config="true" duration-ms="24477" started-at="2023-01-22T12:13:00 IST" finished-at="2023-01-22T12:13:25 IST">
          <reporter-output>
            <line>
              <![CDATA[window Maximized]]>
            </line>
            <line>
              <![CDATA[application opened]]>
            </line>
          </reporter-output>
        </test-method> <!-- BrowserLaunch -->
        <test-method status="PASS" signature="ToClickOnBooksPage()[pri:0, instance:testCases.Testcase_003@627551fb]" name="ToClickOnBooksPage" duration-ms="2295" started-at="2023-01-22T12:13:25 IST" finished-at="2023-01-22T12:13:27 IST">
          <reporter-output>
            <line>
              <![CDATA[successfully clicked]]>
            </line>
          </reporter-output>
        </test-method> <!-- ToClickOnBooksPage -->
        <test-method status="PASS" signature="quitbrowser()[pri:0, instance:testCases.Testcase_003@627551fb]" name="quitbrowser" is-config="true" duration-ms="3789" started-at="2023-01-22T12:13:27 IST" finished-at="2023-01-22T12:13:31 IST">
          <reporter-output>
          </reporter-output>
        </test-method> <!-- quitbrowser -->
      </class> <!-- testCases.Testcase_003 -->
      <class name="testCases.TestCase_006">
        <test-method status="PASS" signature="BrowserLaunch()[pri:0, instance:testCases.TestCase_006@2758fe70]" name="BrowserLaunch" is-config="true" duration-ms="13386" started-at="2023-01-22T12:13:51 IST" finished-at="2023-01-22T12:14:05 IST">
          <reporter-output>
            <line>
              <![CDATA[window Maximized]]>
            </line>
            <line>
              <![CDATA[application opened]]>
            </line>
          </reporter-output>
        </test-method> <!-- BrowserLaunch -->
        <test-method status="PASS" signature="clickOnSortByAndSelect()[pri:0, instance:testCases.TestCase_006@2758fe70]" name="clickOnSortByAndSelect" duration-ms="41332" started-at="2023-01-22T12:14:05 IST" finished-at="2023-01-22T12:14:46 IST">
          <reporter-output>
            <line>
              <![CDATA[succesfully selected]]>
            </line>
          </reporter-output>
        </test-method> <!-- clickOnSortByAndSelect -->
        <test-method status="PASS" signature="quitbrowser()[pri:0, instance:testCases.TestCase_006@2758fe70]" name="quitbrowser" is-config="true" duration-ms="1063" started-at="2023-01-22T12:14:46 IST" finished-at="2023-01-22T12:14:47 IST">
          <reporter-output>
          </reporter-output>
        </test-method> <!-- quitbrowser -->
      </class> <!-- testCases.TestCase_006 -->
      <class name="testCases.Testid_001">
        <test-method status="PASS" signature="BrowserLaunch()[pri:0, instance:testCases.Testid_001@551aa95a]" name="BrowserLaunch" is-config="true" duration-ms="31435" started-at="2023-01-22T12:16:30 IST" finished-at="2023-01-22T12:17:02 IST">
          <reporter-output>
            <line>
              <![CDATA[window Maximized]]>
            </line>
            <line>
              <![CDATA[application opened]]>
            </line>
          </reporter-output>
        </test-method> <!-- BrowserLaunch -->
        <test-method status="PASS" signature="ToclickonSortBy()[pri:0, instance:testCases.Testid_001@551aa95a]" name="ToclickonSortBy" duration-ms="907" started-at="2023-01-22T12:17:02 IST" finished-at="2023-01-22T12:17:03 IST">
          <reporter-output>
            <line>
              <![CDATA[clicked]]>
            </line>
          </reporter-output>
        </test-method> <!-- ToclickonSortBy -->
        <test-method status="PASS" signature="quitbrowser()[pri:0, instance:testCases.Testid_001@551aa95a]" name="quitbrowser" is-config="true" duration-ms="10491" started-at="2023-01-22T12:17:03 IST" finished-at="2023-01-22T12:17:13 IST">
          <reporter-output>
          </reporter-output>
        </test-method> <!-- quitbrowser -->
      </class> <!-- testCases.Testid_001 -->
      <class name="testCases.Testid_002">
        <test-method status="PASS" signature="BrowserLaunch()[pri:0, instance:testCases.Testid_002@1dfe2924]" name="BrowserLaunch" is-config="true" duration-ms="15193" started-at="2023-01-22T12:17:33 IST" finished-at="2023-01-22T12:17:48 IST">
          <reporter-output>
            <line>
              <![CDATA[window Maximized]]>
            </line>
            <line>
              <![CDATA[application opened]]>
            </line>
          </reporter-output>
        </test-method> <!-- BrowserLaunch -->
        <test-method status="PASS" signature="clickonBestSellers()[pri:0, instance:testCases.Testid_002@1dfe2924]" name="clickonBestSellers" duration-ms="2154" started-at="2023-01-22T12:17:48 IST" finished-at="2023-01-22T12:17:50 IST">
          <reporter-output>
            <line>
              <![CDATA[clicked]]>
            </line>
          </reporter-output>
        </test-method> <!-- clickonBestSellers -->
        <test-method status="PASS" signature="quitbrowser()[pri:0, instance:testCases.Testid_002@1dfe2924]" name="quitbrowser" is-config="true" duration-ms="2348" started-at="2023-01-22T12:17:50 IST" finished-at="2023-01-22T12:17:53 IST">
          <reporter-output>
          </reporter-output>
        </test-method> <!-- quitbrowser -->
      </class> <!-- testCases.Testid_002 -->
      <class name="testCases.TestCase_008">
        <test-method status="PASS" signature="BrowserLaunch()[pri:0, instance:testCases.TestCase_008@2b552920]" name="BrowserLaunch" is-config="true" duration-ms="13308" started-at="2023-01-22T12:13:31 IST" finished-at="2023-01-22T12:13:44 IST">
          <reporter-output>
            <line>
              <![CDATA[window Maximized]]>
            </line>
            <line>
              <![CDATA[application opened]]>
            </line>
          </reporter-output>
        </test-method> <!-- BrowserLaunch -->
        <test-method status="FAIL" signature="clickOnWishList()[pri:0, instance:testCases.TestCase_008@2b552920]" name="clickOnWishList" duration-ms="2650" started-at="2023-01-22T12:13:44 IST" finished-at="2023-01-22T12:13:47 IST">
          <exception class="org.openqa.selenium.ElementClickInterceptedException">
            <message>
              <![CDATA[element click intercepted: Element <span>...</span> is not clickable at point (1109, 81). Other element would receive the click: <div class="canvas-blocker canvas-slidable"></div>
  (Session info: chrome=109.0.5414.75)
Build info: version: '3.141.59', revision: 'e82be7d358', time: '2018-11-14T08:25:53'
System info: host: 'MUJEEB', ip: '192.168.0.111', os.name: 'Windows 10', os.arch: 'amd64', os.version: '10.0', java.version: '1.8.0_202'
Driver info: org.openqa.selenium.chrome.ChromeDriver
Capabilities {acceptInsecureCerts: false, browserName: chrome, browserVersion: 109.0.5414.75, chrome: {chromedriverVersion: 108.0.5359.71 (1e0e3868ee06..., userDataDir: C:\Users\USER\AppData\Local...}, goog:chromeOptions: {debuggerAddress: localhost:58977}, javascriptEnabled: true, networkConnectionEnabled: false, pageLoadStrategy: normal, platform: WINDOWS, platformName: WINDOWS, proxy: Proxy(), setWindowRect: true, strictFileInteractability: false, timeouts: {implicit: 0, pageLoad: 300000, script: 30000}, unhandledPromptBehavior: dismiss and notify, webauthn:extension:credBlob: true, webauthn:extension:largeBlob: true, webauthn:virtualAuthenticators: true}
Session ID: 0ad209f455e20a3161b00fdb7f434e46]]>
            </message>
            <full-stacktrace>
              <![CDATA[org.openqa.selenium.ElementClickInterceptedException: element click intercepted: Element <span>...</span> is not clickable at point (1109, 81). Other element would receive the click: <div class="canvas-blocker canvas-slidable"></div>
  (Session info: chrome=109.0.5414.75)
Build info: version: '3.141.59', revision: 'e82be7d358', time: '2018-11-14T08:25:53'
System info: host: 'MUJEEB', ip: '192.168.0.111', os.name: 'Windows 10', os.arch: 'amd64', os.version: '10.0', java.version: '1.8.0_202'
Driver info: org.openqa.selenium.chrome.ChromeDriver
Capabilities {acceptInsecureCerts: false, browserName: chrome, browserVersion: 109.0.5414.75, chrome: {chromedriverVersion: 108.0.5359.71 (1e0e3868ee06..., userDataDir: C:\Users\USER\AppData\Local...}, goog:chromeOptions: {debuggerAddress: localhost:58977}, javascriptEnabled: true, networkConnectionEnabled: false, pageLoadStrategy: normal, platform: WINDOWS, platformName: WINDOWS, proxy: Proxy(), setWindowRect: true, strictFileInteractability: false, timeouts: {implicit: 0, pageLoad: 300000, script: 30000}, unhandledPromptBehavior: dismiss and notify, webauthn:extension:credBlob: true, webauthn:extension:largeBlob: true, webauthn:virtualAuthenticators: true}
Session ID: 0ad209f455e20a3161b00fdb7f434e46
at sun.reflect.NativeConstructorAccessorImpl.newInstance0(Native Method)
at sun.reflect.NativeConstructorAccessorImpl.newInstance(NativeConstructorAccessorImpl.java:62)
at sun.reflect.DelegatingConstructorAccessorImpl.newInstance(DelegatingConstructorAccessorImpl.java:45)
at java.lang.reflect.Constructor.newInstance(Constructor.java:423)
at org.openqa.selenium.remote.http.W3CHttpResponseCodec.createException(W3CHttpResponseCodec.java:187)
at org.openqa.selenium.remote.http.W3CHttpResponseCodec.decode(W3CHttpResponseCodec.java:122)
at org.openqa.selenium.remote.http.W3CHttpResponseCodec.decode(W3CHttpResponseCodec.java:49)
at org.openqa.selenium.remote.HttpCommandExecutor.execute(HttpCommandExecutor.java:158)
at org.openqa.selenium.remote.service.DriverCommandExecutor.execute(DriverCommandExecutor.java:83)
at org.openqa.selenium.remote.RemoteWebDriver.execute(RemoteWebDriver.java:552)
at org.openqa.selenium.remote.RemoteWebElement.execute(RemoteWebElement.java:285)
at org.openqa.selenium.remote.RemoteWebElement.click(RemoteWebElement.java:84)
at sun.reflect.NativeMethodAccessorImpl.invoke0(Native Method)
at sun.reflect.NativeMethodAccessorImpl.invoke(NativeMethodAccessorImpl.java:62)
at sun.reflect.DelegatingMethodAccessorImpl.invoke(DelegatingMethodAccessorImpl.java:43)
at java.lang.reflect.Method.invoke(Method.java:498)
at org.openqa.selenium.support.pagefactory.internal.LocatingElementHandler.invoke(LocatingElementHandler.java:51)
at com.sun.proxy.$Proxy9.click(Unknown Source)
at testCases.TestCase_008.clickOnWishList(TestCase_008.java:12)
at sun.reflect.NativeMethodAccessorImpl.invoke0(Native Method)
at sun.reflect.NativeMethodAccessorImpl.invoke(NativeMethodAccessorImpl.java:62)
at sun.reflect.DelegatingMethodAccessorImpl.invoke(DelegatingMethodAccessorImpl.java:43)
at java.lang.reflect.Method.invoke(Method.java:498)
at org.testng.internal.MethodInvocationHelper.invokeMethod(MethodInvocationHelper.java:132)
at org.testng.internal.TestInvoker.invokeMethod(TestInvoker.java:599)
at org.testng.internal.TestInvoker.invokeTestMethod(TestInvoker.java:174)
at org.testng.internal.MethodRunner.runInSequence(MethodRunner.java:46)
at org.testng.internal.TestInvoker$MethodInvocationAgent.invoke(TestInvoker.java:822)
at org.testng.internal.TestInvoker.invokeTestMethods(TestInvoker.java:147)
at org.testng.internal.TestMethodWorker.invokeTestMethods(TestMethodWorker.java:146)
at org.testng.internal.TestMethodWorker.run(TestMethodWorker.java:128)
at java.util.ArrayList.forEach(ArrayList.java:1257)
at org.testng.TestRunner.privateRun(TestRunner.java:764)
at org.testng.TestRunner.run(TestRunner.java:585)
at org.testng.SuiteRunner.runTest(SuiteRunner.java:384)
at org.testng.SuiteRunner.runSequentially(SuiteRunner.java:378)
at org.testng.SuiteRunner.privateRun(SuiteRunner.java:337)
at org.testng.SuiteRunner.run(SuiteRunner.java:286)
at org.testng.SuiteRunnerWorker.runSuite(SuiteRunnerWorker.java:53)
at org.testng.SuiteRunnerWorker.run(SuiteRunnerWorker.java:96)
at org.testng.TestNG.runSuitesSequentially(TestNG.java:1218)
at org.testng.TestNG.runSuitesLocally(TestNG.java:1140)
at org.testng.TestNG.runSuites(TestNG.java:1069)
at org.testng.TestNG.run(TestNG.java:1037)
at org.testng.remote.AbstractRemoteTestNG.run(AbstractRemoteTestNG.java:115)
at org.testng.remote.RemoteTestNG.initAndRun(RemoteTestNG.java:251)
at org.testng.remote.RemoteTestNG.main(RemoteTestNG.java:77)
]]>
            </full-stacktrace>
          </exception> <!-- org.openqa.selenium.ElementClickInterceptedException -->
          <reporter-output>
          </reporter-output>
        </test-method> <!-- clickOnWishList -->
        <test-method status="PASS" signature="quitbrowser()[pri:0, instance:testCases.TestCase_008@2b552920]" name="quitbrowser" is-config="true" duration-ms="4464" started-at="2023-01-22T12:13:47 IST" finished-at="2023-01-22T12:13:51 IST">
          <reporter-output>
          </reporter-output>
        </test-method> <!-- quitbrowser -->
      </class> <!-- testCases.TestCase_008 -->
    </test> <!-- Test -->
  </suite> <!-- Suite -->
</testng-results>
